# JRE version: OpenJDK Runtime Environment (8.0_152-b06) (build 1.8.0_152-release-1136-b06)
# Java VM: OpenJDK 64-Bit Server VM (25.152-b06 mixed mode windows-amd64 compressed oops)
Heap:
 PSYoungGen      total 408576K, used 304106K [0x00000000e0000000, 0x00000000fc700000, 0x0000000100000000)
  eden space 359424K, 82% used [0x00000000e0000000,0x00000000f22763f8,0x00000000f5f00000)
  from space 49152K, 13% used [0x00000000f9700000,0x00000000f9d844a8,0x00000000fc700000)
  to   space 53248K, 0% used [0x00000000f5f00000,0x00000000f5f00000,0x00000000f9300000)
 ParOldGen       total 157696K, used 87770K [0x00000000a0000000, 0x00000000a9a00000, 0x00000000e0000000)
  object space 157696K, 55% used [0x00000000a0000000,0x00000000a55b6b50,0x00000000a9a00000)
 Metaspace       used 90721K, capacity 94348K, committed 94464K, reserved 1132544K
  class space    used 11453K, capacity 12222K, committed 12288K, reserved 1048576K
GC Heap History (10 events):
Event: 668.992 GC heap before
{Heap before GC invocations=37 (full 3):
 PSYoungGen      total 289792K, used 236099K [0x00000000e0000000, 0x00000000f7e00000, 0x0000000100000000)
  eden space 229888K, 100% used [0x00000000e0000000,0x00000000ee080000,0x00000000ee080000)
  from space 59904K, 10% used [0x00000000ee080000,0x00000000ee690d10,0x00000000f1b00000)
  to   space 59904K, 0% used [0x00000000f4380000,0x00000000f4380000,0x00000000f7e00000)
 ParOldGen       total 157696K, used 83735K [0x00000000a0000000, 0x00000000a9a00000, 0x00000000e0000000)
  object space 157696K, 53% used [0x00000000a0000000,0x00000000a51c5d40,0x00000000a9a00000)
 Metaspace       used 89873K, capacity 93456K, committed 93568K, reserved 1130496K
  class space    used 11376K, capacity 12148K, committed 12160K, reserved 1048576K
Event: 669.040 GC heap after
Heap after GC invocations=37 (full 3):
 PSYoungGen      total 329216K, used 5272K [0x00000000e0000000, 0x00000000f7c80000, 0x0000000100000000)
  eden space 270848K, 0% used [0x00000000e0000000,0x00000000e0000000,0x00000000f0880000)
  from space 58368K, 9% used [0x00000000f4380000,0x00000000f48a6040,0x00000000f7c80000)
  to   space 59392K, 0% used [0x00000000f0880000,0x00000000f0880000,0x00000000f4280000)
 ParOldGen       total 157696K, used 83759K [0x00000000a0000000, 0x00000000a9a00000, 0x00000000e0000000)
  object space 157696K, 53% used [0x00000000a0000000,0x00000000a51cbd40,0x00000000a9a00000)
 Metaspace       used 89873K, capacity 93456K, committed 93568K, reserved 1130496K
  class space    used 11376K, capacity 12148K, committed 12160K, reserved 1048576K
}
Event: 670.473 GC heap before
{Heap before GC invocations=38 (full 3):
 PSYoungGen      total 329216K, used 276120K [0x00000000e0000000, 0x00000000f7c80000, 0x0000000100000000)
  eden space 270848K, 100% used [0x00000000e0000000,0x00000000f0880000,0x00000000f0880000)
  from space 58368K, 9% used [0x00000000f4380000,0x00000000f48a6040,0x00000000f7c80000)
  to   space 59392K, 0% used [0x00000000f0880000,0x00000000f0880000,0x00000000f4280000)
 ParOldGen       total 157696K, used 83759K [0x00000000a0000000, 0x00000000a9a00000, 0x00000000e0000000)
  object space 157696K, 53% used [0x00000000a0000000,0x00000000a51cbd40,0x00000000a9a00000)
 Metaspace       used 89895K, capacity 93456K, committed 93568K, reserved 1130496K
  class space    used 11376K, capacity 12148K, committed 12160K, reserved 1048576K
Event: 670.493 GC heap after
Heap after GC invocations=38 (full 3):
 PSYoungGen      total 330240K, used 6063K [0x00000000e0000000, 0x00000000fa680000, 0x0000000100000000)
  eden space 270848K, 0% used [0x00000000e0000000,0x00000000e0000000,0x00000000f0880000)
  from space 59392K, 10% used [0x00000000f0880000,0x00000000f0e6bd58,0x00000000f4280000)
  to   space 58368K, 0% used [0x00000000f6d80000,0x00000000f6d80000,0x00000000fa680000)
 ParOldGen       total 157696K, used 83775K [0x00000000a0000000, 0x00000000a9a00000, 0x00000000e0000000)
  object space 157696K, 53% used [0x00000000a0000000,0x00000000a51cfd40,0x00000000a9a00000)
 Metaspace       used 89895K, capacity 93456K, committed 93568K, reserved 1130496K
  class space    used 11376K, capacity 12148K, committed 12160K, reserved 1048576K
}
Event: 672.273 GC heap before
{Heap before GC invocations=39 (full 3):
 PSYoungGen      total 330240K, used 276911K [0x00000000e0000000, 0x00000000fa680000, 0x0000000100000000)
  eden space 270848K, 100% used [0x00000000e0000000,0x00000000f0880000,0x00000000f0880000)
  from space 59392K, 10% used [0x00000000f0880000,0x00000000f0e6bd58,0x00000000f4280000)
  to   space 58368K, 0% used [0x00000000f6d80000,0x00000000f6d80000,0x00000000fa680000)
 ParOldGen       total 157696K, used 83775K [0x00000000a0000000, 0x00000000a9a00000, 0x00000000e0000000)
  object space 157696K, 53% used [0x00000000a0000000,0x00000000a51cfd40,0x00000000a9a00000)
 Metaspace       used 89920K, capacity 93526K, committed 93568K, reserved 1130496K
  class space    used 11377K, capacity 12149K, committed 12160K, reserved 1048576K
Event: 672.288 GC heap after
Heap after GC invocations=39 (full 3):
 PSYoungGen      total 366080K, used 5614K [0x00000000e0000000, 0x00000000fa180000, 0x0000000100000000)
  eden space 312832K, 0% used [0x00000000e0000000,0x00000000e0000000,0x00000000f3180000)
  from space 53248K, 10% used [0x00000000f6d80000,0x00000000f72fbbb0,0x00000000fa180000)
  to   space 57344K, 0% used [0x00000000f3180000,0x00000000f3180000,0x00000000f6980000)
 ParOldGen       total 157696K, used 83791K [0x00000000a0000000, 0x00000000a9a00000, 0x00000000e0000000)
  object space 157696K, 53% used [0x00000000a0000000,0x00000000a51d3d40,0x00000000a9a00000)
 Metaspace       used 89920K, capacity 93526K, committed 93568K, reserved 1130496K
  class space    used 11377K, capacity 12149K, committed 12160K, reserved 1048576K
}
Event: 673.912 GC heap before
{Heap before GC invocations=40 (full 3):
 PSYoungGen      total 366080K, used 318446K [0x00000000e0000000, 0x00000000fa180000, 0x0000000100000000)
  eden space 312832K, 100% used [0x00000000e0000000,0x00000000f3180000,0x00000000f3180000)
  from space 53248K, 10% used [0x00000000f6d80000,0x00000000f72fbbb0,0x00000000fa180000)
  to   space 57344K, 0% used [0x00000000f3180000,0x00000000f3180000,0x00000000f6980000)
 ParOldGen       total 157696K, used 83791K [0x00000000a0000000, 0x00000000a9a00000, 0x00000000e0000000)
  object space 157696K, 53% used [0x00000000a0000000,0x00000000a51d3d40,0x00000000a9a00000)
 Metaspace       used 89944K, capacity 93532K, committed 93568K, reserved 1130496K
  class space    used 11377K, capacity 12150K, committed 12160K, reserved 1048576K
Event: 673.980 GC heap after
Heap after GC invocations=40 (full 3):
 PSYoungGen      total 370176K, used 9684K [0x00000000e0000000, 0x00000000fcc80000, 0x0000000100000000)
  eden space 312832K, 0% used [0x00000000e0000000,0x00000000e0000000,0x00000000f3180000)
  from space 57344K, 16% used [0x00000000f3180000,0x00000000f3af5060,0x00000000f6980000)
  to   space 54784K, 0% used [0x00000000f9700000,0x00000000f9700000,0x00000000fcc80000)
 ParOldGen       total 157696K, used 84605K [0x00000000a0000000, 0x00000000a9a00000, 0x00000000e0000000)
  object space 157696K, 53% used [0x00000000a0000000,0x00000000a529f4e8,0x00000000a9a00000)
 Metaspace       used 89944K, capacity 93532K, committed 93568K, reserved 1130496K
  class space    used 11377K, capacity 12150K, committed 12160K, reserved 1048576K
}
Event: 675.932 GC heap before
{Heap before GC invocations=41 (full 3):
 PSYoungGen      total 370176K, used 322516K [0x00000000e0000000, 0x00000000fcc80000, 0x0000000100000000)
  eden space 312832K, 100% used [0x00000000e0000000,0x00000000f3180000,0x00000000f3180000)
  from space 57344K, 16% used [0x00000000f3180000,0x00000000f3af5060,0x00000000f6980000)
  to   space 54784K, 0% used [0x00000000f9700000,0x00000000f9700000,0x00000000fcc80000)
 ParOldGen       total 157696K, used 84605K [0x00000000a0000000, 0x00000000a9a00000, 0x00000000e0000000)
  object space 157696K, 53% used [0x00000000a0000000,0x00000000a529f4e8,0x00000000a9a00000)
 Metaspace       used 90030K, capacity 93620K, committed 93824K, reserved 1130496K
  class space    used 11385K, capacity 12154K, committed 12160K, reserved 1048576K
Event: 675.962 GC heap after
Heap after GC invocations=41 (full 3):
 PSYoungGen      total 408576K, used 6673K [0x00000000e0000000, 0x00000000fc700000, 0x0000000100000000)
  eden space 359424K, 0% used [0x00000000e0000000,0x00000000e0000000,0x00000000f5f00000)
  from space 49152K, 13% used [0x00000000f9700000,0x00000000f9d844a8,0x00000000fc700000)
  to   space 53248K, 0% used [0x00000000f5f00000,0x00000000f5f00000,0x00000000f9300000)
 ParOldGen       total 157696K, used 87770K [0x00000000a0000000, 0x00000000a9a00000, 0x00000000e0000000)
  object space 157696K, 55% used [0x00000000a0000000,0x00000000a55b6b50,0x00000000a9a00000)
 Metaspace       used 90030K, capacity 93620K, committed 93824K, reserved 1130496K
  class space    used 11385K, capacity 12154K, committed 12160K, reserved 1048576K
}

